0 info it worked if it ends with ok
1 verbose cli [ 'node',
1 verbose cli   '/usr/local/bin/npm',
1 verbose cli   'install',
1 verbose cli   'jsonwebtokens',
1 verbose cli   '--save' ]
2 info using npm@1.4.28
3 info using node@v0.10.36
4 warn package.json trickle@0.0.1 No repository field.
5 verbose readDependencies using package.json deps
6 verbose cache add [ 'jsonwebtokens', null ]
7 verbose cache add name=undefined spec="jsonwebtokens" args=["jsonwebtokens",null]
8 verbose parsed url { protocol: null,
8 verbose parsed url   slashes: null,
8 verbose parsed url   auth: null,
8 verbose parsed url   host: null,
8 verbose parsed url   port: null,
8 verbose parsed url   hostname: null,
8 verbose parsed url   hash: null,
8 verbose parsed url   search: null,
8 verbose parsed url   query: null,
8 verbose parsed url   pathname: 'jsonwebtokens',
8 verbose parsed url   path: 'jsonwebtokens',
8 verbose parsed url   href: 'jsonwebtokens' }
9 silly lockFile e9d85310-jsonwebtokens jsonwebtokens
10 verbose lock jsonwebtokens /Users/Kevin/.npm/e9d85310-jsonwebtokens.lock
11 silly lockFile e9d85310-jsonwebtokens jsonwebtokens
12 silly lockFile e9d85310-jsonwebtokens jsonwebtokens
13 verbose addNamed [ 'jsonwebtokens', '' ]
14 verbose addNamed [ null, '*' ]
15 silly lockFile c84f0511-jsonwebtokens jsonwebtokens@
16 verbose lock jsonwebtokens@ /Users/Kevin/.npm/c84f0511-jsonwebtokens.lock
17 silly addNameRange { name: 'jsonwebtokens', range: '*', hasData: false }
18 verbose request where is /jsonwebtokens
19 verbose request registry https://registry.npmjs.org/
20 verbose request id d540403db386a195
21 verbose url raw /jsonwebtokens
22 verbose url resolving [ 'https://registry.npmjs.org/', './jsonwebtokens' ]
23 verbose url resolved https://registry.npmjs.org/jsonwebtokens
24 verbose request where is https://registry.npmjs.org/jsonwebtokens
25 info trying registry request attempt 1 at 22:03:03
26 http GET https://registry.npmjs.org/jsonwebtokens
27 http 404 https://registry.npmjs.org/jsonwebtokens
28 silly registry.get cb [ 404,
28 silly registry.get   { 'content-type': 'application/json',
28 silly registry.get     'cache-control': 'max-age=0',
28 silly registry.get     'content-length': '2',
28 silly registry.get     'accept-ranges': 'bytes',
28 silly registry.get     date: 'Thu, 21 Jan 2016 06:03:03 GMT',
28 silly registry.get     via: '1.1 varnish',
28 silly registry.get     age: '0',
28 silly registry.get     connection: 'keep-alive',
28 silly registry.get     'x-served-by': 'cache-lax1421-LAX',
28 silly registry.get     'x-cache': 'MISS',
28 silly registry.get     'x-cache-hits': '0',
28 silly registry.get     'x-timer': 'S1453356183.607396,VS0,VE85' } ]
29 silly lockFile c84f0511-jsonwebtokens jsonwebtokens@
30 silly lockFile c84f0511-jsonwebtokens jsonwebtokens@
31 error 404 Not Found
31 error 404
31 error 404 'jsonwebtokens' is not in the npm registry.
31 error 404 You should bug the author to publish it
31 error 404 It was specified as a dependency of 'trickle'
31 error 404
31 error 404 Note that you can also install from a
31 error 404 tarball, folder, or http url, or git url.
32 error System Darwin 14.0.0
33 error command "node" "/usr/local/bin/npm" "install" "jsonwebtokens" "--save"
34 error cwd /Users/Kevin/trickle-server
35 error node -v v0.10.36
36 error npm -v 1.4.28
37 error code E404
38 verbose exit [ 1, true ]
